<?xml version="1.0" encoding="UTF-8"?>
<!-- Generated by org.testng.reporters.JUnitReportReporter -->
<testsuite skipped="0" hostname="DESKTOP-593CNO1" name="testclass.costuco" tests="1" failures="0" timestamp="24 Jun 2018 18:04:31 GMT" time="26.786" errors="0">
  <testcase name="amazon" time="26.786" classname="testclass.costuco"/>
</testsuite> <!-- testclass.costuco -->
