<?xml version="1.0" encoding="UTF-8"?>
<!-- Generated by org.testng.reporters.JUnitReportReporter -->
<testsuite skipped="0" hostname="DESKTOP-593CNO1" name="testclass.Shine" tests="1" failures="0" timestamp="24 Jun 2018 18:30:24 GMT" time="18.795" errors="0">
  <testcase name="shine" time="18.795" classname="testclass.Shine"/>
</testsuite> <!-- testclass.Shine -->
