<?xml version="1.0" encoding="UTF-8"?>
<!-- Generated by org.testng.reporters.JUnitReportReporter -->
<testsuite skipped="0" hostname="DESKTOP-593CNO1" name="testclass.Bigbasket" tests="1" failures="0" timestamp="24 Jun 2018 17:55:27 GMT" time="19.119" errors="0">
  <testcase name="big" time="19.119" classname="testclass.Bigbasket"/>
</testsuite> <!-- testclass.Bigbasket -->
