<?xml version="1.0" encoding="UTF-8"?>
<!-- Generated by org.testng.reporters.JUnitReportReporter -->
<testsuite skipped="0" hostname="DESKTOP-593CNO1" name="testclass.Ixigo" tests="1" failures="0" timestamp="24 Jun 2018 18:20:07 GMT" time="22.507" errors="0">
  <testcase name="ixigo" time="22.507" classname="testclass.Ixigo"/>
</testsuite> <!-- testclass.Ixigo -->
