<?xml version="1.0" encoding="UTF-8"?>
<!-- Generated by org.testng.reporters.JUnitReportReporter -->
<testsuite skipped="0" hostname="DESKTOP-593CNO1" name="scripts.Chknbag" tests="1" failures="0" timestamp="24 Jun 2018 23:41:27 GMT" time="72.004" errors="0">
  <testcase name="Logn" time="72.004" classname="scripts.Chknbag"/>
</testsuite> <!-- scripts.Chknbag -->
