<?xml version="1.0" encoding="UTF-8"?>
<!-- Generated by org.testng.reporters.JUnitReportReporter -->
<testsuite skipped="0" hostname="DESKTOP-593CNO1" name="testclass.Fresherworld" tests="1" failures="0" timestamp="24 Jun 2018 18:12:12 GMT" time="42.600" errors="0">
  <testcase name="fresher" time="42.600" classname="testclass.Fresherworld"/>
</testsuite> <!-- testclass.Fresherworld -->
