<?xml version="1.0" encoding="UTF-8"?>
<!-- Generated by org.testng.reporters.JUnitReportReporter -->
<testsuite skipped="0" hostname="DESKTOP-593CNO1" name="scripts.Track" tests="1" failures="0" timestamp="21 Jun 2018 22:31:37 GMT" time="36.845" errors="0">
  <testcase name="Loginactions" time="36.845" classname="scripts.Track"/>
</testsuite> <!-- scripts.Track -->
