<?xml version="1.0" encoding="UTF-8"?>
<!-- Generated by org.testng.reporters.JUnitReportReporter -->
<testsuite skipped="0" hostname="DESKTOP-593CNO1" name="scripts.Checkcode" tests="1" failures="0" timestamp="25 Jun 2018 11:46:48 GMT" time="142.439" errors="0">
  <testcase name="checkcode" time="142.439" classname="scripts.Checkcode"/>
</testsuite> <!-- scripts.Checkcode -->
