<?xml version="1.0" encoding="UTF-8"?>
<!-- Generated by org.testng.reporters.JUnitReportReporter -->
<testsuite skipped="0" hostname="DESKTOP-593CNO1" name="testclass.Craftvilla" tests="1" failures="0" timestamp="24 Jun 2018 18:06:18 GMT" time="17.394" errors="0">
  <testcase name="craft" time="17.394" classname="testclass.Craftvilla"/>
</testsuite> <!-- testclass.Craftvilla -->
