<?xml version="1.0" encoding="UTF-8"?>
<!-- Generated by org.testng.reporters.JUnitReportReporter -->
<testsuite skipped="0" hostname="DESKTOP-593CNO1" name="scripts.Adtocart" tests="1" failures="0" timestamp="24 Jun 2018 23:15:35 GMT" time="140.564" errors="0">
  <testcase name="Logn" time="140.564" classname="scripts.Adtocart"/>
</testsuite> <!-- scripts.Adtocart -->
