<?xml version="1.0" encoding="UTF-8"?>
<!-- Generated by org.testng.reporters.JUnitReportReporter -->
<testsuite skipped="0" hostname="DESKTOP-593CNO1" name="scripts.Addmulpdt" tests="1" failures="0" timestamp="22 Jun 2018 02:46:47 GMT" time="80.869" errors="0">
  <testcase name="Logn" time="80.869" classname="scripts.Addmulpdt"/>
</testsuite> <!-- scripts.Addmulpdt -->
