<?xml version="1.0" encoding="UTF-8"?>
<!-- Generated by org.testng.reporters.JUnitReportReporter -->
<testsuite skipped="0" hostname="DESKTOP-593CNO1" name="testclass.Makemytrip" tests="1" failures="0" timestamp="24 Jun 2018 18:21:01 GMT" time="20.629" errors="0">
  <testcase name="trip" time="20.629" classname="testclass.Makemytrip"/>
</testsuite> <!-- testclass.Makemytrip -->
