<?xml version="1.0" encoding="UTF-8"?>
<!-- Generated by org.testng.reporters.JUnitReportReporter -->
<testsuite skipped="0" hostname="DESKTOP-593CNO1" name="testclass.pepperfry" tests="1" failures="0" timestamp="24 Jun 2018 18:28:16 GMT" time="29.151" errors="0">
  <testcase name="pepper" time="29.151" classname="testclass.pepperfry"/>
</testsuite> <!-- testclass.pepperfry -->
