<?xml version="1.0" encoding="UTF-8"?>
<!-- Generated by org.testng.reporters.JUnitReportReporter -->
<testsuite skipped="0" hostname="DESKTOP-593CNO1" name="testclass.Amazon" tests="1" failures="0" timestamp="24 Jun 2018 17:54:27 GMT" time="27.848" errors="0">
  <testcase name="amazon" time="27.848" classname="testclass.Amazon"/>
</testsuite> <!-- testclass.Amazon -->
