<?xml version="1.0" encoding="UTF-8"?>
<!-- Generated by org.testng.reporters.JUnitReportReporter -->
<testsuite skipped="0" hostname="DESKTOP-593CNO1" name="scripts.Sorted" tests="1" failures="0" timestamp="25 Jun 2018 11:46:48 GMT" time="112.901" errors="0">
  <testcase name="sort" time="112.901" classname="scripts.Sorted"/>
</testsuite> <!-- scripts.Sorted -->
